SF:lib/bloc/home/home_bloc.dart
DA:11,1
DA:12,1
DA:14,1
DA:15,1
DA:18,1
DA:21,1
DA:22,2
DA:25,3
DA:26,2
DA:28,0
LF:10
LH:9
end_of_record
SF:lib/network/network_repository.dart
DA:6,0
DA:7,0
DA:10,0
DA:11,0
DA:15,0
DA:16,0
LF:6
LH:0
end_of_record
SF:lib/bloc/home/home_event.dart
DA:6,2
DA:10,0
LF:2
LH:1
end_of_record
SF:lib/bloc/home/home_state.dart
DA:7,2
DA:11,1
DA:16,1
DA:22,3
DA:24,1
DA:30,0
DA:32,0
LF:7
LH:5
end_of_record
SF:lib/data/movie_response.dart
DA:7,1
DA:9,0
DA:10,0
DA:11,0
DA:12,0
DA:13,0
DA:14,0
DA:17,0
DA:18,0
DA:38,0
DA:54,0
DA:55,0
DA:56,0
DA:57,0
DA:58,0
DA:59,0
DA:60,0
DA:61,0
DA:62,0
DA:63,0
DA:64,0
DA:65,0
DA:66,0
DA:67,0
DA:68,0
LF:25
LH:1
end_of_record
SF:lib/main.dart
DA:7,0
DA:8,0
DA:9,0
DA:11,0
DA:18,1
DA:19,1
DA:20,0
DA:22,0
DA:24,0
DA:26,0
DA:29,0
LF:11
LH:2
end_of_record
SF:lib/network/service_api.dart
DA:11,0
DA:13,0
DA:15,0
DA:17,0
DA:18,0
DA:20,0
LF:6
LH:0
end_of_record
SF:lib/section/home/home_screen.dart
DA:9,0
DA:11,0
DA:19,0
DA:21,0
DA:22,0
DA:25,0
DA:27,0
DA:28,0
DA:29,0
DA:30,0
DA:31,0
DA:32,0
DA:33,0
DA:34,0
DA:37,0
DA:40,0
DA:41,0
DA:43,0
DA:44,0
DA:45,0
DA:46,0
DA:47,0
DA:48,0
DA:52,0
DA:53,0
DA:60,0
DA:62,0
LF:27
LH:0
end_of_record
SF:lib/network/enum_api.dart
DA:1,4
DA:2,2
DA:3,2
DA:6,1
LF:4
LH:4
end_of_record
